Tresvista_log 15-05-2023 01:53:20 INFO     Logger initialized!
Tresvista_log 15-05-2023 01:53:20 INFO     Initializing Process Pipeline...
Tresvista_log 15-05-2023 01:53:20 INFO     Creating PSQL connection...
Tresvista_log 15-05-2023 01:53:20 INFO     PSQL connection created!
Tresvista_log 15-05-2023 01:53:20 INFO     Pulling author and ticker data from extracted data sheet...
Tresvista_log 15-05-2023 01:53:20 INFO     Author and ticker data pulled from extracted data sheet!
Tresvista_log 15-05-2023 01:53:20 INFO     Pulling line item data from extracted data sheet...
Tresvista_log 15-05-2023 01:53:21 INFO     Line item data pulled from extracted data sheet!
Tresvista_log 15-05-2023 01:53:21 INFO     Creating final data to push to DB...
Tresvista_log 15-05-2023 01:53:21 INFO     Final data created!
Tresvista_log 15-05-2023 01:53:21 INFO     Shape of Final data: (258, 9)
Tresvista_log 15-05-2023 01:53:21 INFO     Creating PSQL connection...
Tresvista_log 15-05-2023 01:53:21 INFO     PSQL connection created!
Tresvista_log 15-05-2023 01:53:21 INFO     PSQL Connection closed!
Tresvista_log 15-05-2023 01:53:21 INFO     db_tresvista.model_lineitem_rpt does not exist! Creating the table...
Tresvista_log 15-05-2023 01:53:21 INFO     Creating PSQL connection...
Tresvista_log 15-05-2023 01:53:21 INFO     PSQL connection created!
Tresvista_log 15-05-2023 01:53:21 INFO     PSQL Connection closed!
Tresvista_log 15-05-2023 01:53:21 INFO     Created table db_tresvista.model_lineitem_rpt!
Tresvista_log 15-05-2023 01:53:21 INFO     Truncating table db_tresvista.model_lineitem_rpt...
Tresvista_log 15-05-2023 01:53:21 INFO     Creating PSQL connection...
Tresvista_log 15-05-2023 01:53:21 INFO     PSQL connection created!
Tresvista_log 15-05-2023 01:53:21 INFO     PSQL Connection closed!
Tresvista_log 15-05-2023 01:53:21 INFO     Table db_tresvista.model_lineitem_rpt truncated!
Tresvista_log 15-05-2023 01:53:21 INFO     Inserting final data to db_tresvista.model_lineitem_rpt...
Tresvista_log 15-05-2023 01:53:21 INFO     Creating PSQL connection...
Tresvista_log 15-05-2023 01:53:21 INFO     PSQL connection created!
Tresvista_log 15-05-2023 01:53:21 INFO     PSQL Connection closed!
Tresvista_log 15-05-2023 01:53:21 INFO     Final data inserted to table db_tresvista.model_lineitem_rpt!
Tresvista_log 15-05-2023 01:53:21 INFO     Sending email to receiver...
Tresvista_log 15-05-2023 01:53:22 INFO     Trying to login...
Tresvista_log 15-05-2023 01:53:23 INFO     Logged in!
Tresvista_log 15-05-2023 01:53:23 INFO     Sending email...
Tresvista_log 15-05-2023 01:53:24 INFO     Email sent!
Tresvista_log 15-05-2023 01:53:24 INFO     Email sent to receiver with attachments!
Tresvista_log 15-05-2023 01:53:24 INFO     Tresvista Process Pipeline completed successfully!!!
